<?xml version="1.0" encoding="utf-8" standalone="no"?>
<!--This file represents the results of running a test suite-->
<test-results name="C:\Users\Brian\Documents\Visual Studio 2015\Projects\BC_Functions\BC_FunctionsTest\bin\Debug\BC_FunctionsTest.dll" total="22" errors="0" failures="0" not-run="0" inconclusive="0" ignored="0" skipped="0" invalid="0" date="2016-06-09" time="13:51:40">
  <environment nunit-version="2.6.4.14350" clr-version="2.0.50727.8689" os-version="Microsoft Windows NT 6.2.9200.0" platform="Win32NT" cwd="C:\Program Files (x86)\NUnit 2.6.4\bin" machine-name="DESKTOP-L74I75D" user="Brian" user-domain="DESKTOP-L74I75D" />
  <culture-info current-culture="en-CA" current-uiculture="en-US" />
  <test-suite type="Assembly" name="C:\Users\Brian\Documents\Visual Studio 2015\Projects\BC_Functions\BC_FunctionsTest\bin\Debug\BC_FunctionsTest.dll" executed="True" result="Success" success="True" time="0.071" asserts="0">
    <results>
      <test-suite type="Namespace" name="BC_FunctionsTest" executed="True" result="Success" success="True" time="0.064" asserts="0">
        <results>
          <test-suite type="TestFixture" name="StringFunctionTest" executed="True" result="Success" success="True" time="0.063" asserts="0">
            <results>
              <test-case name="BC_FunctionsTest.StringFunctionTest.string_begins_case_sensitive_negitive" executed="True" result="Success" success="True" time="0.013" asserts="1">
                <properties>
                  <property name="Timeout" value="3000" />
                </properties>
              </test-case>
              <test-case name="BC_FunctionsTest.StringFunctionTest.string_begins_case_sensitive_positive" executed="True" result="Success" success="True" time="0.001" asserts="1">
                <properties>
                  <property name="Timeout" value="3000" />
                </properties>
              </test-case>
              <test-case name="BC_FunctionsTest.StringFunctionTest.string_begins_list_case_sensitive" executed="True" result="Success" success="True" time="0.001" asserts="2">
                <properties>
                  <property name="Timeout" value="3000" />
                </properties>
              </test-case>
              <test-case name="BC_FunctionsTest.StringFunctionTest.string_begins_list_negitive" executed="True" result="Success" success="True" time="0.001" asserts="2">
                <properties>
                  <property name="Timeout" value="3000" />
                </properties>
              </test-case>
              <test-case name="BC_FunctionsTest.StringFunctionTest.string_begins_list_positive" executed="True" result="Success" success="True" time="0.000" asserts="2">
                <properties>
                  <property name="Timeout" value="3000" />
                </properties>
              </test-case>
              <test-case name="BC_FunctionsTest.StringFunctionTest.string_begins_negitive" executed="True" result="Success" success="True" time="0.000" asserts="1">
                <properties>
                  <property name="Timeout" value="3000" />
                </properties>
              </test-case>
              <test-case name="BC_FunctionsTest.StringFunctionTest.string_begins_not_case_sensitive" executed="True" result="Success" success="True" time="0.000" asserts="1">
                <properties>
                  <property name="Timeout" value="3000" />
                </properties>
              </test-case>
              <test-case name="BC_FunctionsTest.StringFunctionTest.string_begins_same_word" executed="True" result="Success" success="True" time="0.000" asserts="1">
                <properties>
                  <property name="Timeout" value="3000" />
                </properties>
              </test-case>
              <test-case name="BC_FunctionsTest.StringFunctionTest.string_begins_substring_too_big" executed="True" result="Success" success="True" time="0.000" asserts="1">
                <properties>
                  <property name="Timeout" value="3000" />
                </properties>
              </test-case>
              <test-case name="BC_FunctionsTest.StringFunctionTest.string_begins_with_positive" executed="True" result="Success" success="True" time="0.000" asserts="1">
                <properties>
                  <property name="Timeout" value="3000" />
                </properties>
              </test-case>
              <test-case name="BC_FunctionsTest.StringFunctionTest.string_end_list_case_sensitive" executed="True" result="Success" success="True" time="0.001" asserts="2">
                <properties>
                  <property name="Timeout" value="3000" />
                </properties>
              </test-case>
              <test-case name="BC_FunctionsTest.StringFunctionTest.string_ends_case_sensitive_negitive" executed="True" result="Success" success="True" time="0.000" asserts="1">
                <properties>
                  <property name="Timeout" value="3000" />
                </properties>
              </test-case>
              <test-case name="BC_FunctionsTest.StringFunctionTest.string_ends_case_sensitive_positive" executed="True" result="Success" success="True" time="0.000" asserts="1">
                <properties>
                  <property name="Timeout" value="3000" />
                </properties>
              </test-case>
              <test-case name="BC_FunctionsTest.StringFunctionTest.string_ends_list_negitive" executed="True" result="Success" success="True" time="0.000" asserts="2">
                <properties>
                  <property name="Timeout" value="3000" />
                </properties>
              </test-case>
              <test-case name="BC_FunctionsTest.StringFunctionTest.string_ends_list_positive" executed="True" result="Success" success="True" time="0.000" asserts="2">
                <properties>
                  <property name="Timeout" value="3000" />
                </properties>
              </test-case>
              <test-case name="BC_FunctionsTest.StringFunctionTest.string_ends_negitive" executed="True" result="Success" success="True" time="0.000" asserts="1">
                <properties>
                  <property name="Timeout" value="3000" />
                </properties>
              </test-case>
              <test-case name="BC_FunctionsTest.StringFunctionTest.string_ends_not_case_sensitive" executed="True" result="Success" success="True" time="0.000" asserts="1">
                <properties>
                  <property name="Timeout" value="3000" />
                </properties>
              </test-case>
              <test-case name="BC_FunctionsTest.StringFunctionTest.string_ends_positive" executed="True" result="Success" success="True" time="0.000" asserts="1">
                <properties>
                  <property name="Timeout" value="3000" />
                </properties>
              </test-case>
              <test-case name="BC_FunctionsTest.StringFunctionTest.string_ends_same_word" executed="True" result="Success" success="True" time="0.000" asserts="1">
                <properties>
                  <property name="Timeout" value="3000" />
                </properties>
              </test-case>
              <test-case name="BC_FunctionsTest.StringFunctionTest.string_ends_substring_too_big" executed="True" result="Success" success="True" time="0.000" asserts="1">
                <properties>
                  <property name="Timeout" value="3000" />
                </properties>
              </test-case>
              <test-case name="BC_FunctionsTest.StringFunctionTest.true_trim" executed="True" result="Success" success="True" time="0.006" asserts="1">
                <properties>
                  <property name="Timeout" value="3000" />
                </properties>
              </test-case>
              <test-case name="BC_FunctionsTest.StringFunctionTest.true_trim_ref" executed="True" result="Success" success="True" time="0.000" asserts="1">
                <properties>
                  <property name="Timeout" value="3000" />
                </properties>
              </test-case>
            </results>
          </test-suite>
        </results>
      </test-suite>
    </results>
  </test-suite>
</test-results>